<?xml version="1.0" encoding="UTF-8"?>
<!-- Generated by org.testng.reporters.JUnitXMLReporter -->
<testsuite ignored="0" hostname="WIN-7N1DHQLM960" failures="2" tests="8" name="test/java" time="190.704" errors="0" timestamp="2024-04-14T12:37:24 IST">
  <testcase classname="com.qa.testcase.HomePageTest" name="ClickonContactsPageTest" time="3.943"/>
  <testcase classname="com.qa.testcase.HomePageTest" name="ClickonDealsTest" time="3.396"/>
  <testcase classname="com.qa.testcase.HomePageTest" name="ClickonTaskPage" time="3.01"/>
  <testcase classname="com.qa.testcase.HomePageTest" name="VerifyHomePageTitleTest" time="0.011"/>
  <testcase classname="com.qa.testcase.HomePageTest" name="VerifyUserName" time="0.108">
    <failure type="org.openqa.selenium.JavascriptException" message="javascript error: {&amp;quot;status&amp;quot;:32,&amp;quot;value&amp;quot;:&amp;quot;Unable to locate an element with the xpath expression //td[contains(test(),&amp;apos;Akshay Bhagat&amp;apos;)] because of the following error:\nSyntaxError: Failed to execute &amp;apos;evaluate&amp;apos; on &amp;apos;Document&amp;apos;: The string &amp;apos;//td[contains(test(),&amp;apos;Akshay Bhagat&amp;apos;)]&amp;apos; is not a valid XPath expression.&amp;quot;}
  (Session info: chrome=123.0.6312.122)
Build info: version: &amp;apos;4.18.1&amp;apos;, revision: &amp;apos;b1d3319b48&amp;apos;
System info: os.name: &amp;apos;Windows 11&amp;apos;, os.arch: &amp;apos;amd64&amp;apos;, os.version: &amp;apos;10.0&amp;apos;, java.version: &amp;apos;21.0.1&amp;apos;
Driver info: org.openqa.selenium.chrome.ChromeDriver
Command: [7c0617bbabe1397b3682adc4a173aac5, findElement {value=//td[contains(test(),&amp;apos;Akshay Bhagat&amp;apos;)], using=xpath}]
Capabilities {acceptInsecureCerts: false, browserName: chrome, browserVersion: 123.0.6312.122, chrome: {chromedriverVersion: 123.0.6312.122 (31f8248cdd9..., userDataDir: C:\Users\AKSHAY~1\AppData\L...}, fedcm:accounts: true, goog:chromeOptions: {debuggerAddress: localhost:54674}, networkConnectionEnabled: false, pageLoadStrategy: normal, platformName: windows, proxy: Proxy(), se:cdp: ws://localhost:54674/devtoo..., se:cdpVersion: 123.0.6312.122, setWindowRect: true, strictFileInteractability: false, timeouts: {implicit: 0, pageLoad: 300000, script: 30000}, unhandledPromptBehavior: dismiss and notify, webauthn:extension:credBlob: true, webauthn:extension:largeBlob: true, webauthn:extension:minPinLength: true, webauthn:extension:prf: true, webauthn:virtualAuthenticators: true}
Session ID: 7c0617bbabe1397b3682adc4a173aac5">
      <![CDATA[org.openqa.selenium.JavascriptException: javascript error: {"status":32,"value":"Unable to locate an element with the xpath expression //td[contains(test(),'Akshay Bhagat')] because of the following error:\nSyntaxError: Failed to execute 'evaluate' on 'Document': The string '//td[contains(test(),'Akshay Bhagat')]' is not a valid XPath expression."}
  (Session info: chrome=123.0.6312.122)
Build info: version: '4.18.1', revision: 'b1d3319b48'
System info: os.name: 'Windows 11', os.arch: 'amd64', os.version: '10.0', java.version: '21.0.1'
Driver info: org.openqa.selenium.chrome.ChromeDriver
Command: [7c0617bbabe1397b3682adc4a173aac5, findElement {value=//td[contains(test(),'Akshay Bhagat')], using=xpath}]
Capabilities {acceptInsecureCerts: false, browserName: chrome, browserVersion: 123.0.6312.122, chrome: {chromedriverVersion: 123.0.6312.122 (31f8248cdd9..., userDataDir: C:\Users\AKSHAY~1\AppData\L...}, fedcm:accounts: true, goog:chromeOptions: {debuggerAddress: localhost:54674}, networkConnectionEnabled: false, pageLoadStrategy: normal, platformName: windows, proxy: Proxy(), se:cdp: ws://localhost:54674/devtoo..., se:cdpVersion: 123.0.6312.122, setWindowRect: true, strictFileInteractability: false, timeouts: {implicit: 0, pageLoad: 300000, script: 30000}, unhandledPromptBehavior: dismiss and notify, webauthn:extension:credBlob: true, webauthn:extension:largeBlob: true, webauthn:extension:minPinLength: true, webauthn:extension:prf: true, webauthn:virtualAuthenticators: true}
Session ID: 7c0617bbabe1397b3682adc4a173aac5
at org.openqa.selenium.remote.ErrorCodec.decode(ErrorCodec.java:167)
at org.openqa.selenium.remote.codec.w3c.W3CHttpResponseCodec.decode(W3CHttpResponseCodec.java:138)
at org.openqa.selenium.remote.codec.w3c.W3CHttpResponseCodec.decode(W3CHttpResponseCodec.java:50)
at org.openqa.selenium.remote.HttpCommandExecutor.execute(HttpCommandExecutor.java:190)
at org.openqa.selenium.remote.service.DriverCommandExecutor.invokeExecute(DriverCommandExecutor.java:216)
at org.openqa.selenium.remote.service.DriverCommandExecutor.execute(DriverCommandExecutor.java:174)
at org.openqa.selenium.remote.RemoteWebDriver.execute(RemoteWebDriver.java:519)
at org.openqa.selenium.remote.ElementLocation$ElementFinder$2.findElement(ElementLocation.java:165)
at org.openqa.selenium.remote.ElementLocation.findElement(ElementLocation.java:59)
at org.openqa.selenium.remote.RemoteWebDriver.findElement(RemoteWebDriver.java:356)
at org.openqa.selenium.remote.RemoteWebDriver.findElement(RemoteWebDriver.java:350)
at org.openqa.selenium.support.pagefactory.DefaultElementLocator.findElement(DefaultElementLocator.java:68)
at org.openqa.selenium.support.pagefactory.internal.LocatingElementHandler.invoke(LocatingElementHandler.java:38)
at jdk.proxy2/jdk.proxy2.$Proxy13.getText(Unknown Source)
at com.qa.pages.HomePage.GetUserName(HomePage.java:36)
at com.qa.testcase.HomePageTest.VerifyUserName(HomePageTest.java:49)
at java.base/java.util.ArrayList.forEach(ArrayList.java:1596)
... Removed 28 stack frames]]>
    </failure>
  </testcase> <!-- VerifyUserName -->
  <testcase classname="com.qa.testcase.LoginPageTest" name="CRMLogoTest" time="0.07"/>
  <testcase classname="com.qa.testcase.LoginPageTest" name="LoginPageTitleTest" time="0.018">
    <failure type="java.lang.AssertionError" message="expected [Free CRM Software for customer relationship management, sales, and support.] but found [Free CRM software for customer relationship management, sales, and support.]">
      <![CDATA[java.lang.AssertionError: expected [Free CRM Software for customer relationship management, sales, and support.] but found [Free CRM software for customer relationship management, sales, and support.]
at com.qa.testcase.LoginPageTest.LoginPageTitleTest(LoginPageTest.java:34)
at java.base/java.util.ArrayList.forEach(ArrayList.java:1596)
... Removed 31 stack frames]]>
    </failure>
  </testcase> <!-- LoginPageTitleTest -->
  <testcase classname="com.qa.testcase.LoginPageTest" name="LoginTest" time="15.401"/>
</testsuite> <!-- test/java -->
