<?xml version="1.0" encoding="UTF-8"?>
<testng-results ignored="0" total="8" passed="6" failed="2" skipped="0">
  <reporter-output>
  </reporter-output>
  <suite started-at="2024-04-14T12:34:14 IST" name="FreeCRMTest" finished-at="2024-04-14T12:37:24 IST" duration-ms="190704">
    <groups>
    </groups>
    <test started-at="2024-04-14T12:34:14 IST" name="test/java" finished-at="2024-04-14T12:37:24 IST" duration-ms="190704">
      <class name="com.qa.testcase.HomePageTest">
        <test-method is-config="true" signature="setup()[pri:0, instance:com.qa.testcase.HomePageTest@4fb0f2b9]" started-at="2024-04-14T12:34:14 IST" name="setup" finished-at="2024-04-14T12:34:40 IST" duration-ms="26010" status="PASS">
          <reporter-output>
          </reporter-output>
        </test-method> <!-- setup -->
        <test-method signature="ClickonContactsPageTest()[pri:0, instance:com.qa.testcase.HomePageTest@4fb0f2b9]" started-at="2024-04-14T12:34:40 IST" name="ClickonContactsPageTest" finished-at="2024-04-14T12:34:43 IST" duration-ms="3943" status="PASS">
          <reporter-output>
          </reporter-output>
        </test-method> <!-- ClickonContactsPageTest -->
        <test-method is-config="true" signature="tearDown()[pri:0, instance:com.qa.testcase.HomePageTest@4fb0f2b9]" started-at="2024-04-14T12:34:44 IST" name="tearDown" finished-at="2024-04-14T12:34:44 IST" duration-ms="333" status="PASS">
          <reporter-output>
          </reporter-output>
        </test-method> <!-- tearDown -->
        <test-method is-config="true" signature="setup()[pri:0, instance:com.qa.testcase.HomePageTest@4fb0f2b9]" started-at="2024-04-14T12:34:44 IST" name="setup" finished-at="2024-04-14T12:35:10 IST" duration-ms="26058" status="PASS">
          <reporter-output>
          </reporter-output>
        </test-method> <!-- setup -->
        <test-method signature="ClickonDealsTest()[pri:0, instance:com.qa.testcase.HomePageTest@4fb0f2b9]" started-at="2024-04-14T12:35:10 IST" name="ClickonDealsTest" finished-at="2024-04-14T12:35:13 IST" duration-ms="3396" status="PASS">
          <reporter-output>
          </reporter-output>
        </test-method> <!-- ClickonDealsTest -->
        <test-method is-config="true" signature="tearDown()[pri:0, instance:com.qa.testcase.HomePageTest@4fb0f2b9]" started-at="2024-04-14T12:35:13 IST" name="tearDown" finished-at="2024-04-14T12:35:14 IST" duration-ms="348" status="PASS">
          <reporter-output>
          </reporter-output>
        </test-method> <!-- tearDown -->
        <test-method is-config="true" signature="setup()[pri:0, instance:com.qa.testcase.HomePageTest@4fb0f2b9]" started-at="2024-04-14T12:35:14 IST" name="setup" finished-at="2024-04-14T12:35:38 IST" duration-ms="24125" status="PASS">
          <reporter-output>
          </reporter-output>
        </test-method> <!-- setup -->
        <test-method signature="ClickonTaskPage()[pri:0, instance:com.qa.testcase.HomePageTest@4fb0f2b9]" started-at="2024-04-14T12:35:38 IST" name="ClickonTaskPage" finished-at="2024-04-14T12:35:41 IST" duration-ms="3010" status="PASS">
          <reporter-output>
          </reporter-output>
        </test-method> <!-- ClickonTaskPage -->
        <test-method is-config="true" signature="tearDown()[pri:0, instance:com.qa.testcase.HomePageTest@4fb0f2b9]" started-at="2024-04-14T12:35:41 IST" name="tearDown" finished-at="2024-04-14T12:35:41 IST" duration-ms="270" status="PASS">
          <reporter-output>
          </reporter-output>
        </test-method> <!-- tearDown -->
        <test-method is-config="true" signature="setup()[pri:0, instance:com.qa.testcase.HomePageTest@4fb0f2b9]" started-at="2024-04-14T12:35:41 IST" name="setup" finished-at="2024-04-14T12:36:08 IST" duration-ms="26936" status="PASS">
          <reporter-output>
          </reporter-output>
        </test-method> <!-- setup -->
        <test-method signature="VerifyHomePageTitleTest()[pri:0, instance:com.qa.testcase.HomePageTest@4fb0f2b9]" started-at="2024-04-14T12:36:08 IST" name="VerifyHomePageTitleTest" finished-at="2024-04-14T12:36:08 IST" duration-ms="11" status="PASS">
          <reporter-output>
          </reporter-output>
        </test-method> <!-- VerifyHomePageTitleTest -->
        <test-method is-config="true" signature="tearDown()[pri:0, instance:com.qa.testcase.HomePageTest@4fb0f2b9]" started-at="2024-04-14T12:36:08 IST" name="tearDown" finished-at="2024-04-14T12:36:08 IST" duration-ms="239" status="PASS">
          <reporter-output>
          </reporter-output>
        </test-method> <!-- tearDown -->
        <test-method is-config="true" signature="setup()[pri:0, instance:com.qa.testcase.HomePageTest@4fb0f2b9]" started-at="2024-04-14T12:36:08 IST" name="setup" finished-at="2024-04-14T12:36:34 IST" duration-ms="25876" status="PASS">
          <reporter-output>
          </reporter-output>
        </test-method> <!-- setup -->
        <test-method signature="VerifyUserName()[pri:0, instance:com.qa.testcase.HomePageTest@4fb0f2b9]" started-at="2024-04-14T12:36:34 IST" name="VerifyUserName" finished-at="2024-04-14T12:36:34 IST" duration-ms="108" status="FAIL">
          <exception class="org.openqa.selenium.JavascriptException">
            <message>
              <![CDATA[javascript error: {"status":32,"value":"Unable to locate an element with the xpath expression //td[contains(test(),'Akshay Bhagat')] because of the following error:\nSyntaxError: Failed to execute 'evaluate' on 'Document': The string '//td[contains(test(),'Akshay Bhagat')]' is not a valid XPath expression."}
  (Session info: chrome=123.0.6312.122)
Build info: version: '4.18.1', revision: 'b1d3319b48'
System info: os.name: 'Windows 11', os.arch: 'amd64', os.version: '10.0', java.version: '21.0.1'
Driver info: org.openqa.selenium.chrome.ChromeDriver
Command: [7c0617bbabe1397b3682adc4a173aac5, findElement {value=//td[contains(test(),'Akshay Bhagat')], using=xpath}]
Capabilities {acceptInsecureCerts: false, browserName: chrome, browserVersion: 123.0.6312.122, chrome: {chromedriverVersion: 123.0.6312.122 (31f8248cdd9..., userDataDir: C:\Users\AKSHAY~1\AppData\L...}, fedcm:accounts: true, goog:chromeOptions: {debuggerAddress: localhost:54674}, networkConnectionEnabled: false, pageLoadStrategy: normal, platformName: windows, proxy: Proxy(), se:cdp: ws://localhost:54674/devtoo..., se:cdpVersion: 123.0.6312.122, setWindowRect: true, strictFileInteractability: false, timeouts: {implicit: 0, pageLoad: 300000, script: 30000}, unhandledPromptBehavior: dismiss and notify, webauthn:extension:credBlob: true, webauthn:extension:largeBlob: true, webauthn:extension:minPinLength: true, webauthn:extension:prf: true, webauthn:virtualAuthenticators: true}
Session ID: 7c0617bbabe1397b3682adc4a173aac5]]>
            </message>
            <full-stacktrace>
              <![CDATA[org.openqa.selenium.JavascriptException: javascript error: {"status":32,"value":"Unable to locate an element with the xpath expression //td[contains(test(),'Akshay Bhagat')] because of the following error:\nSyntaxError: Failed to execute 'evaluate' on 'Document': The string '//td[contains(test(),'Akshay Bhagat')]' is not a valid XPath expression."}
  (Session info: chrome=123.0.6312.122)
Build info: version: '4.18.1', revision: 'b1d3319b48'
System info: os.name: 'Windows 11', os.arch: 'amd64', os.version: '10.0', java.version: '21.0.1'
Driver info: org.openqa.selenium.chrome.ChromeDriver
Command: [7c0617bbabe1397b3682adc4a173aac5, findElement {value=//td[contains(test(),'Akshay Bhagat')], using=xpath}]
Capabilities {acceptInsecureCerts: false, browserName: chrome, browserVersion: 123.0.6312.122, chrome: {chromedriverVersion: 123.0.6312.122 (31f8248cdd9..., userDataDir: C:\Users\AKSHAY~1\AppData\L...}, fedcm:accounts: true, goog:chromeOptions: {debuggerAddress: localhost:54674}, networkConnectionEnabled: false, pageLoadStrategy: normal, platformName: windows, proxy: Proxy(), se:cdp: ws://localhost:54674/devtoo..., se:cdpVersion: 123.0.6312.122, setWindowRect: true, strictFileInteractability: false, timeouts: {implicit: 0, pageLoad: 300000, script: 30000}, unhandledPromptBehavior: dismiss and notify, webauthn:extension:credBlob: true, webauthn:extension:largeBlob: true, webauthn:extension:minPinLength: true, webauthn:extension:prf: true, webauthn:virtualAuthenticators: true}
Session ID: 7c0617bbabe1397b3682adc4a173aac5
at java.base/jdk.internal.reflect.DirectConstructorHandleAccessor.newInstance(DirectConstructorHandleAccessor.java:62)
at java.base/java.lang.reflect.Constructor.newInstanceWithCaller(Constructor.java:502)
at java.base/java.lang.reflect.Constructor.newInstance(Constructor.java:486)
at org.openqa.selenium.remote.ErrorCodec.decode(ErrorCodec.java:167)
at org.openqa.selenium.remote.codec.w3c.W3CHttpResponseCodec.decode(W3CHttpResponseCodec.java:138)
at org.openqa.selenium.remote.codec.w3c.W3CHttpResponseCodec.decode(W3CHttpResponseCodec.java:50)
at org.openqa.selenium.remote.HttpCommandExecutor.execute(HttpCommandExecutor.java:190)
at org.openqa.selenium.remote.service.DriverCommandExecutor.invokeExecute(DriverCommandExecutor.java:216)
at org.openqa.selenium.remote.service.DriverCommandExecutor.execute(DriverCommandExecutor.java:174)
at org.openqa.selenium.remote.RemoteWebDriver.execute(RemoteWebDriver.java:519)
at org.openqa.selenium.remote.ElementLocation$ElementFinder$2.findElement(ElementLocation.java:165)
at org.openqa.selenium.remote.ElementLocation.findElement(ElementLocation.java:59)
at org.openqa.selenium.remote.RemoteWebDriver.findElement(RemoteWebDriver.java:356)
at org.openqa.selenium.remote.RemoteWebDriver.findElement(RemoteWebDriver.java:350)
at org.openqa.selenium.support.pagefactory.DefaultElementLocator.findElement(DefaultElementLocator.java:68)
at org.openqa.selenium.support.pagefactory.internal.LocatingElementHandler.invoke(LocatingElementHandler.java:38)
at jdk.proxy2/jdk.proxy2.$Proxy13.getText(Unknown Source)
at com.qa.pages.HomePage.GetUserName(HomePage.java:36)
at com.qa.testcase.HomePageTest.VerifyUserName(HomePageTest.java:49)
at java.base/jdk.internal.reflect.DirectMethodHandleAccessor.invoke(DirectMethodHandleAccessor.java:103)
at java.base/java.lang.reflect.Method.invoke(Method.java:580)
at org.testng.internal.MethodInvocationHelper.invokeMethod(MethodInvocationHelper.java:133)
at org.testng.internal.TestInvoker.invokeMethod(TestInvoker.java:598)
at org.testng.internal.TestInvoker.invokeTestMethod(TestInvoker.java:173)
at org.testng.internal.MethodRunner.runInSequence(MethodRunner.java:46)
at org.testng.internal.TestInvoker$MethodInvocationAgent.invoke(TestInvoker.java:824)
at org.testng.internal.TestInvoker.invokeTestMethods(TestInvoker.java:146)
at org.testng.internal.TestMethodWorker.invokeTestMethods(TestMethodWorker.java:146)
at org.testng.internal.TestMethodWorker.run(TestMethodWorker.java:128)
at java.base/java.util.ArrayList.forEach(ArrayList.java:1596)
at org.testng.TestRunner.privateRun(TestRunner.java:794)
at org.testng.TestRunner.run(TestRunner.java:596)
at org.testng.SuiteRunner.runTest(SuiteRunner.java:377)
at org.testng.SuiteRunner.runSequentially(SuiteRunner.java:371)
at org.testng.SuiteRunner.privateRun(SuiteRunner.java:332)
at org.testng.SuiteRunner.run(SuiteRunner.java:276)
at org.testng.SuiteRunnerWorker.runSuite(SuiteRunnerWorker.java:53)
at org.testng.SuiteRunnerWorker.run(SuiteRunnerWorker.java:96)
at org.testng.TestNG.runSuitesSequentially(TestNG.java:1212)
at org.testng.TestNG.runSuitesLocally(TestNG.java:1134)
at org.testng.TestNG.runSuites(TestNG.java:1063)
at org.testng.TestNG.run(TestNG.java:1031)
at org.testng.remote.AbstractRemoteTestNG.run(AbstractRemoteTestNG.java:115)
at org.testng.remote.RemoteTestNG.initAndRun(RemoteTestNG.java:251)
at org.testng.remote.RemoteTestNG.main(RemoteTestNG.java:77)
]]>
            </full-stacktrace>
          </exception> <!-- org.openqa.selenium.JavascriptException -->
          <reporter-output>
          </reporter-output>
        </test-method> <!-- VerifyUserName -->
        <test-method is-config="true" signature="tearDown()[pri:0, instance:com.qa.testcase.HomePageTest@4fb0f2b9]" started-at="2024-04-14T12:36:34 IST" name="tearDown" finished-at="2024-04-14T12:36:35 IST" duration-ms="286" status="PASS">
          <reporter-output>
          </reporter-output>
        </test-method> <!-- tearDown -->
      </class> <!-- com.qa.testcase.HomePageTest -->
      <class name="com.qa.testcase.LoginPageTest">
        <test-method is-config="true" signature="setUp()[pri:0, instance:com.qa.testcase.LoginPageTest@57a3af25]" started-at="2024-04-14T12:36:35 IST" name="setUp" finished-at="2024-04-14T12:36:46 IST" duration-ms="11678" status="PASS">
          <reporter-output>
          </reporter-output>
        </test-method> <!-- setUp -->
        <test-method signature="CRMLogoTest()[pri:0, instance:com.qa.testcase.LoginPageTest@57a3af25]" started-at="2024-04-14T12:36:46 IST" name="CRMLogoTest" finished-at="2024-04-14T12:36:46 IST" duration-ms="70" status="PASS">
          <reporter-output>
          </reporter-output>
        </test-method> <!-- CRMLogoTest -->
        <test-method is-config="true" signature="tearDown()[pri:0, instance:com.qa.testcase.LoginPageTest@57a3af25]" started-at="2024-04-14T12:36:46 IST" name="tearDown" finished-at="2024-04-14T12:36:47 IST" duration-ms="304" status="PASS">
          <reporter-output>
          </reporter-output>
        </test-method> <!-- tearDown -->
        <test-method is-config="true" signature="setUp()[pri:0, instance:com.qa.testcase.LoginPageTest@57a3af25]" started-at="2024-04-14T12:36:47 IST" name="setUp" finished-at="2024-04-14T12:36:57 IST" duration-ms="10773" status="PASS">
          <reporter-output>
          </reporter-output>
        </test-method> <!-- setUp -->
        <test-method signature="LoginPageTitleTest()[pri:0, instance:com.qa.testcase.LoginPageTest@57a3af25]" started-at="2024-04-14T12:36:57 IST" name="LoginPageTitleTest" finished-at="2024-04-14T12:36:57 IST" duration-ms="18" status="FAIL">
          <exception class="java.lang.AssertionError">
            <message>
              <![CDATA[expected [Free CRM Software for customer relationship management, sales, and support.] but found [Free CRM software for customer relationship management, sales, and support.]]]>
            </message>
            <full-stacktrace>
              <![CDATA[java.lang.AssertionError: expected [Free CRM Software for customer relationship management, sales, and support.] but found [Free CRM software for customer relationship management, sales, and support.]
at org.testng.Assert.fail(Assert.java:99)
at org.testng.Assert.failNotEquals(Assert.java:1037)
at org.testng.Assert.assertEqualsImpl(Assert.java:140)
at org.testng.Assert.assertEquals(Assert.java:122)
at org.testng.Assert.assertEquals(Assert.java:629)
at org.testng.Assert.assertEquals(Assert.java:639)
at com.qa.testcase.LoginPageTest.LoginPageTitleTest(LoginPageTest.java:34)
at java.base/jdk.internal.reflect.DirectMethodHandleAccessor.invoke(DirectMethodHandleAccessor.java:103)
at java.base/java.lang.reflect.Method.invoke(Method.java:580)
at org.testng.internal.MethodInvocationHelper.invokeMethod(MethodInvocationHelper.java:133)
at org.testng.internal.TestInvoker.invokeMethod(TestInvoker.java:598)
at org.testng.internal.TestInvoker.invokeTestMethod(TestInvoker.java:173)
at org.testng.internal.MethodRunner.runInSequence(MethodRunner.java:46)
at org.testng.internal.TestInvoker$MethodInvocationAgent.invoke(TestInvoker.java:824)
at org.testng.internal.TestInvoker.invokeTestMethods(TestInvoker.java:146)
at org.testng.internal.TestMethodWorker.invokeTestMethods(TestMethodWorker.java:146)
at org.testng.internal.TestMethodWorker.run(TestMethodWorker.java:128)
at java.base/java.util.ArrayList.forEach(ArrayList.java:1596)
at org.testng.TestRunner.privateRun(TestRunner.java:794)
at org.testng.TestRunner.run(TestRunner.java:596)
at org.testng.SuiteRunner.runTest(SuiteRunner.java:377)
at org.testng.SuiteRunner.runSequentially(SuiteRunner.java:371)
at org.testng.SuiteRunner.privateRun(SuiteRunner.java:332)
at org.testng.SuiteRunner.run(SuiteRunner.java:276)
at org.testng.SuiteRunnerWorker.runSuite(SuiteRunnerWorker.java:53)
at org.testng.SuiteRunnerWorker.run(SuiteRunnerWorker.java:96)
at org.testng.TestNG.runSuitesSequentially(TestNG.java:1212)
at org.testng.TestNG.runSuitesLocally(TestNG.java:1134)
at org.testng.TestNG.runSuites(TestNG.java:1063)
at org.testng.TestNG.run(TestNG.java:1031)
at org.testng.remote.AbstractRemoteTestNG.run(AbstractRemoteTestNG.java:115)
at org.testng.remote.RemoteTestNG.initAndRun(RemoteTestNG.java:251)
at org.testng.remote.RemoteTestNG.main(RemoteTestNG.java:77)
]]>
            </full-stacktrace>
          </exception> <!-- java.lang.AssertionError -->
          <reporter-output>
          </reporter-output>
        </test-method> <!-- LoginPageTitleTest -->
        <test-method is-config="true" signature="tearDown()[pri:0, instance:com.qa.testcase.LoginPageTest@57a3af25]" started-at="2024-04-14T12:36:57 IST" name="tearDown" finished-at="2024-04-14T12:36:58 IST" duration-ms="344" status="PASS">
          <reporter-output>
          </reporter-output>
        </test-method> <!-- tearDown -->
        <test-method is-config="true" signature="setUp()[pri:0, instance:com.qa.testcase.LoginPageTest@57a3af25]" started-at="2024-04-14T12:36:58 IST" name="setUp" finished-at="2024-04-14T12:37:08 IST" duration-ms="10791" status="PASS">
          <reporter-output>
          </reporter-output>
        </test-method> <!-- setUp -->
        <test-method signature="LoginTest()[pri:0, instance:com.qa.testcase.LoginPageTest@57a3af25]" started-at="2024-04-14T12:37:08 IST" name="LoginTest" finished-at="2024-04-14T12:37:24 IST" duration-ms="15401" status="PASS">
          <reporter-output>
          </reporter-output>
        </test-method> <!-- LoginTest -->
        <test-method is-config="true" signature="tearDown()[pri:0, instance:com.qa.testcase.LoginPageTest@57a3af25]" started-at="2024-04-14T12:37:24 IST" name="tearDown" finished-at="2024-04-14T12:37:24 IST" duration-ms="312" status="PASS">
          <reporter-output>
          </reporter-output>
        </test-method> <!-- tearDown -->
      </class> <!-- com.qa.testcase.LoginPageTest -->
    </test> <!-- test/java -->
  </suite> <!-- FreeCRMTest -->
</testng-results>
